<?xml version="1.0" encoding="UTF-8"?>
<!-- Generated by org.testng.reporters.JUnitXMLReporter -->
<testsuite ignored="0" hostname="SMTC-R-0117" failures="0" tests="6" name="Default test" time="13.015" errors="0" timestamp="2023-10-17T16:35:06 IST">
  <testcase classname="api.test.DDTests" name="testPostuser" time="4.153"/>
  <testcase classname="api.test.DDTests" name="testPostuser" time="1.289"/>
  <testcase classname="api.test.DDTests" name="testPostuser" time="1.274"/>
  <testcase classname="api.test.DDTests" name="testDeleteUserByName" time="1.341"/>
  <testcase classname="api.test.DDTests" name="testDeleteUserByName" time="1.289"/>
  <testcase classname="api.test.DDTests" name="testDeleteUserByName" time="1.263"/>
</testsuite> <!-- Default test -->
