<?xml version="1.0" encoding="UTF-8"?>
<testng-results ignored="0" total="4" passed="4" failed="0" skipped="0">
  <reporter-output>
  </reporter-output>
  <suite started-at="2023-10-18T10:30:06 IST" name="PetSuite" finished-at="2023-10-18T10:30:17 IST" duration-ms="10904">
    <groups>
    </groups>
    <test started-at="2023-10-18T10:30:06 IST" name="PetTests" finished-at="2023-10-18T10:30:17 IST" duration-ms="10904">
      <class name="api.test.UserTests2">
        <test-method is-config="true" signature="setupData()[pri:0, instance:api.test.UserTests2@1ffaf86]" started-at="2023-10-18T10:30:07 IST" name="setupData" finished-at="2023-10-18T10:30:08 IST" duration-ms="997" status="PASS">
          <reporter-output>
          </reporter-output>
        </test-method> <!-- setupData -->
        <test-method signature="testPostUser()[pri:1, instance:api.test.UserTests2@1ffaf86]" started-at="2023-10-18T10:30:08 IST" name="testPostUser" finished-at="2023-10-18T10:30:11 IST" duration-ms="3906" status="PASS">
          <reporter-output>
          </reporter-output>
        </test-method> <!-- testPostUser -->
        <test-method signature="testGetUserByName()[pri:2, instance:api.test.UserTests2@1ffaf86]" started-at="2023-10-18T10:30:12 IST" name="testGetUserByName" finished-at="2023-10-18T10:30:13 IST" duration-ms="1346" status="PASS">
          <reporter-output>
          </reporter-output>
        </test-method> <!-- testGetUserByName -->
        <test-method signature="testUpdateUser()[pri:3, instance:api.test.UserTests2@1ffaf86]" started-at="2023-10-18T10:30:13 IST" name="testUpdateUser" finished-at="2023-10-18T10:30:16 IST" duration-ms="2923" status="PASS">
          <reporter-output>
          </reporter-output>
        </test-method> <!-- testUpdateUser -->
        <test-method signature="testDeleteUserByName()[pri:4, instance:api.test.UserTests2@1ffaf86]" started-at="2023-10-18T10:30:16 IST" name="testDeleteUserByName" finished-at="2023-10-18T10:30:17 IST" duration-ms="1284" status="PASS">
          <reporter-output>
          </reporter-output>
        </test-method> <!-- testDeleteUserByName -->
      </class> <!-- api.test.UserTests2 -->
    </test> <!-- PetTests -->
  </suite> <!-- PetSuite -->
</testng-results>
