<?xml version="1.0" encoding="UTF-8"?>
<!-- Generated by org.testng.reporters.JUnitXMLReporter -->
<testsuite ignored="0" hostname="SMTC-R-0117" failures="0" tests="4" name="PetTests" time="10.904" errors="0" timestamp="2023-10-18T10:30:17 IST">
  <testcase classname="api.test.UserTests2" name="testPostUser" time="3.906"/>
  <testcase classname="api.test.UserTests2" name="testGetUserByName" time="1.346"/>
  <testcase classname="api.test.UserTests2" name="testUpdateUser" time="2.923"/>
  <testcase classname="api.test.UserTests2" name="testDeleteUserByName" time="1.284"/>
</testsuite> <!-- PetTests -->
